[
  {
    "level": "INFO",
    "message": "android.ndkVersion from module build.gradle is not set"
  },
  {
    "level": "INFO",
    "message": "ndk.dir in local.properties is /home/masaki/Android/Sdk/ndk/20.1.5948944"
  },
  {
    "level": "INFO",
    "message": "ANDROID_NDK_HOME environment variable is not set"
  },
  {
    "level": "INFO",
    "message": "sdkFolder is /home/masaki/Android/Sdk"
  },
  {
    "level": "INFO",
    "message": "Considering /home/masaki/Android/Sdk/ndk/20.1.5948944 by ndk.dir"
  },
  {
    "level": "INFO",
    "message": "Considering /home/masaki/Android/Sdk/ndk-bundle in SDK ndk-bundle folder"
  },
  {
    "level": "INFO",
    "message": "Considering /home/masaki/Android/Sdk/ndk/21.0.6113669 in SDK ndk folder"
  },
  {
    "level": "INFO",
    "message": "Rejected /home/masaki/Android/Sdk/ndk/20.1.5948944 by ndk.dir because that location has no source.properties"
  },
  {
    "level": "INFO",
    "message": "Rejected /home/masaki/Android/Sdk/ndk-bundle in SDK ndk-bundle folder because that location has no source.properties"
  },
  {
    "level": "ERROR",
    "message": "Location specified by ndk.dir (/home/masaki/Android/Sdk/ndk/20.1.5948944) did not contain a valid NDK and and couldn\u0027t be used"
  },
  {
    "level": "INFO",
    "message": "Using /home/masaki/Android/Sdk/ndk/21.0.6113669 which is version 21.0.6113669 as fallback but build will fail"
  }
]