[
  {
    "level": "INFO",
    "message": "android.ndkVersion from module build.gradle is not set"
  },
  {
    "level": "INFO",
    "message": "ndk.dir in local.properties is /home/masaki/Android/Sdk/ndk/20.1.5948944"
  },
  {
    "level": "INFO",
    "message": "ANDROID_NDK_HOME environment variable is not set"
  },
  {
    "level": "INFO",
    "message": "sdkFolder is /home/masaki/Android/Sdk"
  },
  {
    "level": "INFO",
    "message": "Considering /home/masaki/Android/Sdk/ndk/20.1.5948944 by ndk.dir"
  },
  {
    "level": "INFO",
    "message": "Considering /home/masaki/Android/Sdk/ndk-bundle in SDK ndk-bundle folder"
  },
  {
    "level": "INFO",
    "message": "Rejected /home/masaki/Android/Sdk/ndk/20.1.5948944 by ndk.dir because that location has no source.properties"
  },
  {
    "level": "INFO",
    "message": "Rejected /home/masaki/Android/Sdk/ndk-bundle in SDK ndk-bundle folder because that location has no source.properties"
  },
  {
    "level": "WARN",
    "message": "Compatible side by side NDK version was not found. Default is 21.0.6113669."
  }
]